<?xml version="1.0" encoding="UTF-8"?>
<testng-results skipped="0" failed="0" ignored="0" total="1" passed="1">
  <reporter-output>
  </reporter-output>
  <suite name="Default suite" duration-ms="20597" started-at="2019-03-01T06:10:40Z" finished-at="2019-03-01T06:11:00Z">
    <groups>
    </groups>
    <test name="Default test" duration-ms="20597" started-at="2019-03-01T06:10:40Z" finished-at="2019-03-01T06:11:00Z">
      <class name="fileUplaodDownlaod.GmailAttachFile">
        <test-method status="PASS" signature="setup()[pri:0, instance:fileUplaodDownlaod.GmailAttachFile@cb5822]" name="setup" is-config="true" duration-ms="4856" started-at="2019-03-01T06:10:40Z" finished-at="2019-03-01T06:10:45Z">
          <reporter-output>
          </reporter-output>
        </test-method> <!-- setup -->
        <test-method status="PASS" signature="fileAttachTest()[pri:0, instance:fileUplaodDownlaod.GmailAttachFile@cb5822]" name="fileAttachTest" duration-ms="15532" started-at="2019-03-01T06:10:45Z" finished-at="2019-03-01T06:11:00Z">
          <reporter-output>
          </reporter-output>
        </test-method> <!-- fileAttachTest -->
        <test-method status="PASS" signature="tearDown()[pri:0, instance:fileUplaodDownlaod.GmailAttachFile@cb5822]" name="tearDown" is-config="true" duration-ms="177" started-at="2019-03-01T06:11:00Z" finished-at="2019-03-01T06:11:00Z">
          <reporter-output>
          </reporter-output>
        </test-method> <!-- tearDown -->
      </class> <!-- fileUplaodDownlaod.GmailAttachFile -->
    </test> <!-- Default test -->
  </suite> <!-- Default suite -->
</testng-results>
